Fulton:1812:60
Dougherty:1297:78
Dekalb:1144:15
Cobb:895:41
Gwinnett:815:29
Clayton:435:12
Hall:363:0
Henry:306:4
Sumter:269:12
Lee:258:15
Carroll:235:6
Bartow:230:17
Cherokee:219:7
Douglas:189:6
Muscogee:175:4
Mitchell:164:19
Richmond:162:7
Chatham:157:5
Forsyth:153:5
Houston:138:9
Early:137:6
Coweta:135:2
Terrell:134:11
Randolph:131:6
Upson:128:5
Floyd:120:6
Fayette:115:5
Paulding:115:4
Rockdale:106:5
Newton:100:3
Worth:99:4
Clarke:95:12
Bibb:91:1
Thomas:89:5
Colquitt:88:5
Crisp:83:1
Spalding:83:4
Columbia:75:0
Tift:71:1
Lowndes:70:3
Baldwin:69:2
Troup:68:4
Barrow:65:3
Coffee:64:3
Ware:64:4
Calhoun:54:2
Walton:52:3
Dooly:51:2
Macon:47:0
Pierce:47:2
Decatur:46:0
Gordon:45:3
Oconee:42:0
Turner:41:1
Glynn:40:0
Dawson:36:2
Butts:35:0
Laurens:35:1
Jackson:32:1
Greene:31:1
Bryan:30:2
Mcduffie:30:2
Whitfield:29:3
Burke:28:2
Habersham:28:1
Wilcox:28:0
Effingham:25:1
Polk:25:0
Meriwether:24:0
Peach:24:2
Stephens:24:0
Harris:23:1
Camden:22:0
Pike:22:0
Washington:22:0
Grady:21:1
Liberty:21:0
Brooks:20:1
Bulloch:20:1
Johnson:20:1
Lamar:20:0
Haralson:19:1
Oglethorpe:19:1
Dodge:17:0
Marion:17:0
Baker:16:2
Clay:16:1
Murray:16:0
Seminole:16:1
Catoosa:15:0
Miller:15:0
Morgan:15:0
Toombs:15:1
Bacon:14:0
Jones:14:0
White:14:0
Appling:13:0
Fannin:13:0
Monroe:13:1
Pickens:13:2
Brantley:12:1
Irwin:12:0
Madison:12:1
Putnam:12:0
Schley:12:1
Wilkinson:12:1
Jenkins:11:1
Lumpkin:11:0
Pulaski:11:1
Telfair:11:0
Ben_Hill:10
Talbot:10:1
Walker:10:0
Crawford:9:0
Emanuel:9:0
Jasper:9:0
Lincoln:9:0
Screven:9:0
Taylor:9:2
Banks:8:0
Berrien:8:0
Chattooga:8:1
Stewart:8:0
Towns:8:0
Union:8:1
Wilkes:8:0
Cook:7:0
Gilmer:7:0
Jefferson:7:1
Rabun:7:0
Warren:7:0
Clinch:6:0
Elbert:6:0
Wayne:6:0
Chattahoochee:5:0
Franklin:5:0
Hancock:5:0
Hart:5:0
Heard:5:1
Lanier:5:1
Tattnall:5:0
Candler:4:0
Charlton:4:0
Bleckley:3:0
Dade:3:1
Mcintosh:3:0
Quitman:3:0
Twiggs:3:0
Webster:3:0
Wheeler:3:0
Atkinson:2:0
Echols:2:0
Evans:2:0
Long:2:0
Montgomery:2:0
Jeff_Davis:1
Treutlen:1:0
%%
Fulton:1844:62
Dougherty:1308:83
Dekalb:1191:15
Cobb:924:43
Gwinnett:852:29
Clayton:456:13
Hall:374:1
Henry:321:5
Sumter:273:12
Lee:264:15
Carroll:237:6
Bartow:235:17
Cherokee:225:8
Douglas:197:6
Muscogee:177:4
Mitchell:172:20
Richmond:168:8
Chatham:160:5
Forsyth:153:5
Houston:142:9
Early:141:6
Coweta:136:3
Terrell:135:11
Upson:135:5
Randolph:131:7
Fayette:120:5
Floyd:120:6
Paulding:117:5
Rockdale:107:6
Newton:104:3
Worth:104:4
Clarke:98:12
Bibb:95:1
Thomas:92:9
Baldwin:90:2
Spalding:90:4
Colquitt:89:5
Crisp:88:1
Columbia:78:0
Lowndes:75:3
Tift:74:1
Troup:68:4
Barrow:66:3
Ware:66:4
Coffee:65:3
Calhoun:58:2
Dooly:52:3
Walton:52:3
Decatur:47:0
Macon:47:0
Pierce:47:2
Gordon:46:3
Oconee:43:0
Glynn:41:0
Turner:41:1
Dawson:37:2
Butts:36:0
Laurens:35:1
Greene:34:1
Jackson:33:1
Whitfield:31:3
Bryan:30:2
Mcduffie:30:2
Habersham:29:1
Wilcox:29:0
Burke:28:2
Polk:27:0
Liberty:26:0
Meriwether:26:0
Effingham:25:1
Harris:25:1
Pike:25:1
Peach:24:2
Stephens:24:0
Camden:23:0
Bulloch:22:1
Washington:22:0
Brooks:21:1
Grady:21:1
Johnson:21:1
Lamar:21:0
Haralson:19:1
Oglethorpe:19:1
Catoosa:17:0
Dodge:17:0
Marion:17:0
Murray:17:0
Baker:16:2
Clay:16:2
Seminole:16:1
Toombs:16:1
Jones:15:0
Miller:15:0
Morgan:15:0
Appling:14:0
Bacon:14:0
Fannin:14:0
Pickens:14:2
White:14:0
Wilkinson:14:1
Brantley:13:1
Madison:13:1
Monroe:13:1
Schley:13:1
Walker:13:0
Irwin:12:0
Jenkins:12:1
Putnam:12:0
Talbot:12:1
Lumpkin:11:0
Pulaski:11:1
Telfair:11:0
Ben_Hill:10
Crawford:10:0
Jasper:10:0
Emanuel:9:0
Lincoln:9:0
Screven:9:1
Stewart:9:0
Taylor:9:2
Banks:8:0
Berrien:8:0
Chattooga:8:1
Cook:8:0
Towns:8:0
Union:8:1
Warren:8:0
Wilkes:8:0
Clinch:7:0
Elbert:7:0
Franklin:7:0
Gilmer:7:0
Jefferson:7:1
Rabun:7:0
Wayne:6:0
Chattahoochee:5:0
Hancock:5:0
Hart:5:0
Heard:5:1
Lanier:5:1
Tattnall:5:0
Candler:4:0
Charlton:4:0
Bleckley:3:0
Dade:3:1
Echols:3:0
Mcintosh:3:0
Quitman:3:1
Twiggs:3:0
Webster:3:0
Wheeler:3:0
Atkinson:2:0
Evans:2:0
Jeff_Davis:2
Long:2:0
Montgomery:2:0
Treutlen:1:0
%%
Fulton:1902:63
Dougherty:1320:84
Dekalb:1225:16
Cobb:950:44
Gwinnett:885:32
Clayton:462:13
Hall:402:5
Henry:328:5
Sumter:276:13
Lee:264:15
Carroll:242:7
Bartow:237:20
Cherokee:232:8
Douglas:201:6
Muscogee:182:4
Mitchell:176:20
Richmond:169:8
Chatham:160:5
Forsyth:157:5
Early:145:6
Houston:142:9
Upson:139:5
Coweta:138:3
Terrell:137:11
Randolph:131:7
Fayette:122:5
Floyd:120:6
Paulding:118:5
Newton:113:3
Worth:111:4
Thomas:109:9
Bibb:108:1
Rockdale:107:6
Clarke:102:12
Spalding:96:5
Baldwin:93:2
Crisp:93:1
Colquitt:90:5
Columbia:79:0
Tift:76:2
Lowndes:75:3
Troup:72:4
Barrow:68:3
Ware:67:5
Coffee:65:3
Calhoun:59:2
Dooly:55:4
Walton:54:3
Decatur:51:0
Gordon:48:5
Pierce:48:2
Turner:46:1
Habersham:44:2
Oconee:44:0
Glynn:43:0
Dawson:37:2
Macon:37:0
Butts:36:0
Jackson:35:1
Laurens:35:1
Greene:34:1
Whitfield:32:3
Mcduffie:31:2
Oglethorpe:31:1
Bryan:30:2
Wilcox:30:0
Burke:28:2
Meriwether:28:0
Harris:27:1
Polk:27:0
Liberty:26:0
Peach:25:2
Pike:25:1
Camden:24:0
Effingham:24:1
Stephens:24:0
Grady:23:1
Bulloch:22:1
Washington:22:0
Brooks:21:2
Johnson:21:1
Lamar:21:0
Haralson:19:1
Miller:19:0
Seminole:19:1
Dodge:18:0
Baker:17:2
Catoosa:17:0
Clay:17:2
Marion:17:0
Morgan:17:0
Murray:17:0
Toombs:17:1
Jones:15:0
Appling:14:0
Bacon:14:0
Brantley:14:1
Fannin:14:0
Monroe:14:1
Pickens:14:2
White:14:0
Wilkinson:14:1
Madison:13:1
Schley:13:1
Talbot:13:1
Walker:13:0
Irwin:12:0
Jenkins:12:1
Putnam:12:0
Lumpkin:11:0
Pulaski:11:1
Telfair:11:0
Ben_Hill:10
Crawford:10:0
Jasper:10:0
Banks:9:0
Chattooga:9:1
Cook:9:0
Emanuel:9:0
Jefferson:9:1
Lincoln:9:0
Screven:9:1
Stewart:9:0
Taylor:9:2
Wilkes:9:0
Berrien:8:0
Towns:8:0
Union:8:1
Warren:8:0
Clinch:7:0
Elbert:7:0
Franklin:7:0
Gilmer:7:0
Rabun:7:0
Dade:6:1
Hancock:6:0
Wayne:6:0
Charlton:5:0
Chattahoochee:5:0
Hart:5:0
Heard:5:1
Lanier:5:1
Tattnall:5:0
Candler:4:0
Bleckley:3:0
Echols:3:0
Mcintosh:3:0
Quitman:3:1
Twiggs:3:0
Webster:3:0
Wheeler:3:0
Atkinson:2:0
Evans:2:0
Jeff_Davis:2
Long:2:0
Montgomery:2:0
Treutlen:1:0
%%
Fulton:1918:62
Dougherty:1327:83
Dekalb:1232:18
Cobb:970:46
Gwinnett:889:32
Clayton:462:13
Hall:402:5
Henry:329:5
Sumter:276:14
Lee:264:15
Carroll:243:7
Cherokee:238:8
Bartow:237:20
Douglas:201:6
Muscogee:187:4
Mitchell:177:21
Richmond:177:8
Chatham:160:5
Forsyth:158:5
Houston:152:9
Early:145:6
Coweta:139:3
Upson:139:5
Terrell:137:11
Randolph:133:7
Fayette:123:5
Floyd:121:6
Paulding:119:5
Newton:114:3
Bibb:113:1
Worth:112:4
Thomas:109:10
Rockdale:107:6
Clarke:102:12
Spalding:97:5
Colquitt:94:5
Baldwin:93:2
Crisp:93:1
Columbia:81:0
Tift:77:4
Lowndes:76:3
Troup:73:4
Ware:69:5
Barrow:68:3
Coffee:67:3
Calhoun:59:2
Dooly:58:4
Walton:54:3
Decatur:51:0
Gordon:49:5
Pierce:48:2
Turner:48:1
Glynn:44:0
Habersham:44:2
Oconee:44:0
Butts:37:0
Dawson:37:2
Jackson:37:1
Macon:37:0
Laurens:35:1
Greene:34:1
Burke:32:2
Whitfield:32:3
Mcduffie:31:2
Oglethorpe:31:1
Bryan:30:2
Wilcox:30:0
Meriwether:28:0
Peach:28:2
Harris:27:1
Polk:27:0
Camden:26:0
Liberty:26:0
Pike:26:1
Effingham:24:1
Stephens:24:0
Bulloch:23:1
Grady:23:1
Johnson:23:1
Washington:22:0
Brooks:21:2
Lamar:21:0
Haralson:20:1
Miller:19:0
Seminole:19:1
Dodge:18:0
Baker:17:2
Catoosa:17:0
Clay:17:2
Marion:17:0
Morgan:17:0
Murray:17:0
Toombs:17:2
Jones:15:0
Wilkinson:15:1
Appling:14:0
Bacon:14:1
Brantley:14:1
Fannin:14:0
Madison:14:1
Monroe:14:1
Pickens:14:2
Talbot:14:1
White:14:0
Schley:13:1
Walker:13:0
Irwin:12:0
Jenkins:12:1
Putnam:12:0
Crawford:11:0
Emanuel:11:0
Lumpkin:11:0
Pulaski:11:1
Telfair:11:0
Ben_Hill:10:0
Jasper:10:0
Screven:10:1
Banks:9:0
Chattooga:9:1
Cook:9:0
Jefferson:9:1
Lincoln:9:0
Stewart:9:0
Taylor:9:2
Warren:9:0
Wilkes:9:0
Berrien:8:0
Gilmer:8:0
Towns:8:0
Union:8:1
Clinch:7:0
Elbert:7:0
Franklin:7:0
Rabun:7:0
Dade:6:1
Hancock:6:0
Wayne:6:0
Charlton:5:0
Chattahoochee:5:0
Hart:5:0
Heard:5:1
Lanier:5:1
Tattnall:5:0
Candler:4:0
Mcintosh:4:0
Twiggs:4:0
Bleckley:3:0
Echols:3:0
Jeff_Davis:3:0
Quitman:3:1
Webster:3:0
Wheeler:3:0
Atkinson:2:0
Evans:2:0
Long:2:0
Montgomery:2:0
Treutlen:1:0
%%
Fulton:1945:66
Dougherty:1358:88
Dekalb:1260:21
Cobb:1014:49
Gwinnett:917:32
Hall:526:5
Clayton:473:13
Henry:330:5
Sumter:292:14
Lee:267:15
Carroll:258:7
Cherokee:245:8
Bartow:240:22
Richmond:231:9
Douglas:209:6
Muscogee:200:4
Mitchell:193:22
Bibb:179:1
Chatham:170:5
Forsyth:169:5
Houston:158:9
Early:148:8
Upson:143:6
Coweta:142:3
Terrell:137:12
Randolph:135:11
Fayette:126:5
Paulding:123:5
Floyd:122:6
Spalding:122:5
Newton:115:3
Worth:114:4
Thomas:112:14
Rockdale:111:6
Colquitt:105:5
Crisp:104:1
Clarke:102:12
Baldwin:100:2
Columbia:87:0
Barrow:81:3
Lowndes:79:3
Tift:79:4
Troup:77:4
Ware:76:5
Coffee:72:3
Dooly:64:4
Calhoun:59:2
Habersham:57:2
Walton:56:3
Decatur:55:0
Gordon:50:5
Pierce:49:2
Turner:49:1
Glynn:45:0
Oconee:45:0
Jackson:43:1
Macon:42:0
Greene:40:1
Dawson:39:2
Butts:38:0
Laurens:38:1
Burke:35:2
Mcduffie:35:2
Meriwether:35:0
Harris:34:1
Whitfield:34:3
Wilcox:34:0
Johnson:33:1
Oglethorpe:32:1
Bryan:30:2
Peach:30:2
Pike:28:1
Polk:28:0
Stephens:28:0
Camden:26:0
Grady:26:1
Liberty:26:0
Effingham:24:1
Bulloch:23:1
Washington:23:0
Brooks:22:2
Lamar:21:0
Seminole:21:1
Marion:20:0
Miller:20:0
White:20:0
Clay:19:2
Dodge:19:0
Haralson:19:1
Lumpkin:19:0
Morgan:19:0
Baker:18:2
Catoosa:18:0
Wilkinson:18:1
Appling:17:0
Bacon:17:1
Murray:17:0
Toombs:17:2
Brantley:16:1
Pulaski:16:1
Jones:15:0
Monroe:15:1
Pickens:15:2
Talbot:15:1
Fannin:14:0
Madison:14:1
Putnam:14:0
Schley:14:1
Banks:13:0
Irwin:13:0
Telfair:13:0
Walker:13:0
Crawford:12:0
Emanuel:12:0
Jenkins:12:1
Stewart:12:0
Cook:11:1
Jefferson:11:1
Screven:11:1
Taylor:11:3
Wilkes:11:0
Ben_Hill:10:0
Berrien:10:0
Franklin:10:0
Jasper:10:0
Towns:10:0
Warren:10:0
Chattooga:9:1
Lincoln:9:0
Gilmer:8:0
Union:8:1
Clinch:7:0
Dade:7:1
Elbert:7:0
Rabun:7:0
Wayne:7:0
Chattahoochee:6:0
Hancock:6:0
Lanier:6:1
Charlton:5:0
Hart:5:0
Heard:5:1
Tattnall:5:0
Atkinson:4:0
Candler:4:0
Mcintosh:4:0
Twiggs:4:0
Webster:4:0
Bleckley:3:0
Echols:3:0
Jeff_Davis:3:0
Quitman:3:1
Wheeler:3:0
Evans:2:0
Long:2:0
Montgomery:2:0
Treutlen:1:0
%%
